[18:03:15] [ServerMain/INFO]: Environment: Environment[sessionHost=https://sessionserver.mojang.com, servicesHost=https://api.minecraftservices.com, name=PROD]
[18:03:19] [ServerMain/INFO]: Loaded 1370 recipes
[18:03:19] [ServerMain/INFO]: Loaded 1481 advancements
[18:03:19] [Server thread/INFO]: Starting minecraft server version 1.21.4
[18:03:19] [Server thread/INFO]: Loading properties
[18:03:19] [Server thread/INFO]: Default game type: SURVIVAL
[18:03:19] [Server thread/INFO]: Generating keypair
[18:03:19] [Server thread/INFO]: Starting Minecraft server on *:25565
[18:03:19] [Server thread/INFO]: Using default channel type
[18:03:19] [Server thread/WARN]: **** SERVER IS RUNNING IN OFFLINE/INSECURE MODE!
[18:03:19] [Server thread/WARN]: The server will make no attempt to authenticate usernames. Beware.
[18:03:19] [Server thread/WARN]: While this makes the game possible to play without internet access, it also opens up the ability for hackers to connect with any username they choose.
[18:03:19] [Server thread/WARN]: To change this, set "online-mode" to "true" in the server.properties file.
[18:03:19] [Server thread/INFO]: Preparing level "world"
[18:03:20] [Server thread/INFO]: Preparing start region for dimension minecraft:overworld
[18:03:23] [Worker-Main-7/INFO]: Preparing spawn area: 0%
[18:03:23] [Worker-Main-7/INFO]: Preparing spawn area: 0%
[18:03:23] [Worker-Main-7/INFO]: Preparing spawn area: 0%
[18:03:23] [Worker-Main-7/INFO]: Preparing spawn area: 0%
[18:03:23] [Worker-Main-7/INFO]: Preparing spawn area: 0%
[18:03:23] [Worker-Main-7/INFO]: Preparing spawn area: 0%
[18:03:23] [Worker-Main-7/INFO]: Preparing spawn area: 0%
[18:03:23] [Server thread/INFO]: Time elapsed: 3495 ms
[18:03:23] [Server thread/INFO]: Done (4.134s)! For help, type "help"
[18:04:23] [Server thread/INFO]: Server empty for 60 seconds, pausing
[18:08:26] [Server thread/INFO]: Samuckz[/26.136.8.223:61158] logged in with entity id 18 at (228.98484276592595, 116.0, -1371.744743911061)
[18:08:26] [Server thread/INFO]: Samuckz joined the game
[18:08:28] [Server thread/WARN]: Can't keep up! Is the server overloaded? Running 2010ms or 40 ticks behind
[18:16:52] [Server thread/INFO]: Loidebottom[/26.166.123.158:54911] logged in with entity id 1228 at (271.22947005237853, 116.0, -1354.7547983566078)
[18:16:52] [Server thread/INFO]: Loidebottom joined the game
[18:20:58] [Server thread/INFO]: Loidebottom has made the advancement [A Seedy Place]
[19:19:29] [Server thread/INFO]: Loidebottom has made the advancement [The Parrots and the Bats]
[19:56:30] [Server thread/INFO]: Floquinhu[/26.247.64.87:58014] logged in with entity id 30421 at (245.0529654644506, 119.0, -1351.2810570738661)
[19:56:30] [Server thread/INFO]: Floquinhu joined the game
[19:57:15] [Server thread/INFO]: [Not Secure] <Floquinhu> oii, tô mostrando o servidor pra minha namorada kkk]
[19:57:24] [Server thread/INFO]: [Not Secure] <Loidebottom> kkkkkkkkkkkkkk oi namorada do davi
[19:57:46] [Server thread/INFO]: [Not Secure] <Samuckz> opa
[19:57:58] [Server thread/INFO]: [Not Secure] <Floquinhu> <(^-^)>
[19:58:13] [Server thread/INFO]: [Not Secure] <Samuckz> dps coloca ela pra jogar c nos haha
[20:06:06] [Server thread/INFO]: [Not Secure] <Samuckz> ja volto, pera ai
[20:08:31] [Server thread/INFO]: [Not Secure] <Loidebottom> oskei
[20:13:09] [Server thread/INFO]: [Not Secure] <Floquinhu> vou indo nessa pessoal <(^-^)>
[20:13:19] [Server thread/INFO]: [Not Secure] <Floquinhu> na proxima vamos entrar nos dois kkkk
[20:13:22] [Server thread/INFO]: Floquinhu lost connection: Disconnected
[20:13:22] [Server thread/INFO]: Floquinhu left the game
[20:13:28] [Server thread/INFO]: [Not Secure] <Samuckz> fechou, até mais!
[20:37:01] [Server thread/INFO]: Loidebottom lost connection: Disconnected
[20:37:01] [Server thread/INFO]: Loidebottom left the game
[20:51:00] [Server thread/INFO]: Samuckz lost connection: Disconnected
[20:51:00] [Server thread/INFO]: Samuckz left the game
